<?xml version="1.0" encoding="UTF-8"?>
<testsuite name="eruty.com.demo.DemoApplicationTests" tests="1" skipped="0" failures="0" errors="0" timestamp="2023-05-18T06:23:49" hostname="Eruty-Leeui-MacBookAir.local" time="0.276">
  <properties/>
  <testcase name="contextLoads()" classname="eruty.com.demo.DemoApplicationTests" time="0.276"/>
  <system-out><![CDATA[15:23:39.416 [Test worker] DEBUG org.springframework.boot.test.context.SpringBootTestContextBootstrapper -- Neither @ContextConfiguration nor @ContextHierarchy found for test class [DemoApplicationTests]: using SpringBootContextLoader
15:23:39.422 [Test worker] DEBUG org.springframework.test.context.support.AbstractContextLoader -- Could not detect default resource locations for test class [eruty.com.demo.DemoApplicationTests]: no resource found for suffixes {-context.xml, Context.groovy}.
15:23:39.423 [Test worker] INFO org.springframework.test.context.support.AnnotationConfigContextLoaderUtils -- Could not detect default configuration classes for test class [eruty.com.demo.DemoApplicationTests]: DemoApplicationTests does not declare any static, non-private, non-final, nested classes annotated with @Configuration.
15:23:39.451 [Test worker] DEBUG org.springframework.boot.test.context.SpringBootTestContextBootstrapper -- Using ContextCustomizers for test class [DemoApplicationTests]: [DisableObservabilityContextCustomizer, PropertyMappingContextCustomizer, Customizer, ExcludeFilterContextCustomizer, DuplicateJsonObjectContextCustomizer, MockitoContextCustomizer, TestRestTemplateContextCustomizer]
15:23:39.555 [Test worker] DEBUG org.springframework.context.annotation.ClassPathScanningCandidateComponentProvider -- Identified candidate component class: file [/Users/eruty_lee/Documents/GitHub/문재해결/build/classes/java/main/eruty/com/demo/DemoApplication.class]
15:23:39.590 [Test worker] INFO org.springframework.boot.test.context.SpringBootTestContextBootstrapper -- Found @SpringBootConfiguration eruty.com.demo.DemoApplication for test class eruty.com.demo.DemoApplicationTests
15:23:39.676 [Test worker] DEBUG org.springframework.boot.test.context.SpringBootTestContextBootstrapper -- Using TestExecutionListeners for test class [DemoApplicationTests]: [ServletTestExecutionListener, DirtiesContextBeforeModesTestExecutionListener, ApplicationEventsTestExecutionListener, MockitoTestExecutionListener, DependencyInjectionTestExecutionListener, DirtiesContextTestExecutionListener, TransactionalTestExecutionListener, SqlScriptsTestExecutionListener, EventPublishingTestExecutionListener, RestDocsTestExecutionListener, MockRestServiceServerResetTestExecutionListener, MockMvcPrintOnlyOnFailureTestExecutionListener, WebDriverTestExecutionListener, MockWebServiceServerTestExecutionListener, ResetMocksTestExecutionListener]
15:23:39.678 [Test worker] DEBUG org.springframework.test.context.support.AbstractDirtiesContextTestExecutionListener -- Before test class: class [DemoApplicationTests], class annotated with @DirtiesContext [false] with mode [null]

  .   ____          _            __ _ _
 /\\ / ___'_ __ _ _(_)_ __  __ _ \ \ \ \
( ( )\___ | '_ | '_| | '_ \/ _` | \ \ \ \
 \\/  ___)| |_)| | | | | || (_| |  ) ) ) )
  '  |____| .__|_| |_|_| |_\__, | / / / /
 =========|_|==============|___/=/_/_/_/
 :: Spring Boot ::                (v3.0.6)

2023-05-18T15:23:40.085+09:00  INFO 48282 --- [    Test worker] eruty.com.demo.DemoApplicationTests      : Starting DemoApplicationTests using Java 19.0.2 with PID 48282 (started by root in /Users/eruty_lee/Documents/GitHub/문재해결)
2023-05-18T15:23:40.087+09:00  INFO 48282 --- [    Test worker] eruty.com.demo.DemoApplicationTests      : No active profile set, falling back to 1 default profile: "default"
2023-05-18T15:23:41.057+09:00  INFO 48282 --- [    Test worker] .s.d.r.c.RepositoryConfigurationDelegate : Bootstrapping Spring Data JPA repositories in DEFAULT mode.
2023-05-18T15:23:41.171+09:00  INFO 48282 --- [    Test worker] .s.d.r.c.RepositoryConfigurationDelegate : Finished Spring Data repository scanning in 109 ms. Found 1 JPA repository interfaces.
2023-05-18T15:23:42.007+09:00  INFO 48282 --- [    Test worker] o.hibernate.jpa.internal.util.LogHelper  : HHH000204: Processing PersistenceUnitInfo [name: default]
2023-05-18T15:23:42.038+09:00  INFO 48282 --- [    Test worker] org.hibernate.Version                    : HHH000412: Hibernate ORM core version 6.1.7.Final
2023-05-18T15:23:42.285+09:00  INFO 48282 --- [    Test worker] com.zaxxer.hikari.HikariDataSource       : HikariPool-1 - Starting...
2023-05-18T15:23:42.421+09:00  INFO 48282 --- [    Test worker] com.zaxxer.hikari.pool.HikariPool        : HikariPool-1 - Added connection org.mariadb.jdbc.Connection@2a7ebe07
2023-05-18T15:23:42.423+09:00  INFO 48282 --- [    Test worker] com.zaxxer.hikari.HikariDataSource       : HikariPool-1 - Start completed.
2023-05-18T15:23:42.473+09:00  INFO 48282 --- [    Test worker] SQL dialect                              : HHH000400: Using dialect: org.hibernate.dialect.MariaDBDialect
2023-05-18T15:23:47.620+09:00  WARN 48282 --- [    Test worker] org.hibernate.id.UUIDHexGenerator        : HHH000409: Using org.hibernate.id.UUIDHexGenerator which does not generate IETF RFC 4122 compliant UUID values; consider using org.hibernate.id.UUIDGenerator instead
Hibernate: 
    
    drop table if exists site_user
Hibernate: 
    
    create table site_user (
       id varchar(255) not null,
        authority varchar(255),
        birthday date,
        company varchar(255),
        email varchar(255),
        interests varchar(255),
        marketing bit,
        nickname varchar(255),
        password varchar(255),
        primary key (id)
    ) engine=InnoDB
Hibernate: 
    
    alter table if exists site_user 
       add constraint UK_8vlkw482t3gpnebxcm03ywk9p unique (email)
Hibernate: 
    
    alter table if exists site_user 
       add constraint UK_8907494besqu376vcikc4w9kf unique (nickname)
2023-05-18T15:23:48.186+09:00  INFO 48282 --- [    Test worker] o.h.e.t.j.p.i.JtaPlatformInitiator       : HHH000490: Using JtaPlatform implementation: [org.hibernate.engine.transaction.jta.platform.internal.NoJtaPlatform]
2023-05-18T15:23:48.197+09:00  INFO 48282 --- [    Test worker] j.LocalContainerEntityManagerFactoryBean : Initialized JPA EntityManagerFactory for persistence unit 'default'
2023-05-18T15:23:48.792+09:00  WARN 48282 --- [    Test worker] JpaBaseConfiguration$JpaWebConfiguration : spring.jpa.open-in-view is enabled by default. Therefore, database queries may be performed during view rendering. Explicitly configure spring.jpa.open-in-view to disable this warning
2023-05-18T15:23:48.820+09:00 TRACE 48282 --- [    Test worker] eGlobalAuthenticationAutowiredConfigurer : Eagerly initializing {securityConfig=eruty.com.demo.SecurityConfig$$SpringCGLIB$$0@6fe243a}
2023-05-18T15:23:48.828+09:00  WARN 48282 --- [    Test worker] .s.s.UserDetailsServiceAutoConfiguration : 

Using generated security password: fdc1aaa3-49b5-4483-8dd0-0ca5aa8c6ff2

This generated password is for development use only. Your security configuration must be updated before running your application in production.

2023-05-18T15:23:48.964+09:00  INFO 48282 --- [    Test worker] o.s.b.a.w.s.WelcomePageHandlerMapping    : Adding welcome page: class path resource [static/index.html]
2023-05-18T15:23:49.426+09:00  INFO 48282 --- [    Test worker] o.s.s.web.DefaultSecurityFilterChain     : Will secure any request with [org.springframework.security.web.session.DisableEncodeUrlFilter@5fe024a7, org.springframework.security.web.context.request.async.WebAsyncManagerIntegrationFilter@7388486e, org.springframework.security.web.context.SecurityContextHolderFilter@5c13534a, org.springframework.security.web.header.HeaderWriterFilter@21be80f6, org.springframework.web.filter.CorsFilter@7bdf8c92, eruty.com.demo.JWT.JwtAuthenticationFilter@14293540, org.springframework.security.web.authentication.logout.LogoutFilter@1b868ef0, org.springframework.security.web.savedrequest.RequestCacheAwareFilter@782e0844, org.springframework.security.web.servletapi.SecurityContextHolderAwareRequestFilter@1fb00a6d, org.springframework.security.web.authentication.AnonymousAuthenticationFilter@7c0b792e, org.springframework.security.web.session.SessionManagementFilter@694f0655, org.springframework.security.web.access.ExceptionTranslationFilter@6ffa8126, org.springframework.security.web.access.intercept.AuthorizationFilter@3677c508]
2023-05-18T15:23:49.948+09:00  INFO 48282 --- [    Test worker] eruty.com.demo.DemoApplicationTests      : Started DemoApplicationTests in 10.227 seconds (process running for 11.579)
]]></system-out>
  <system-err><![CDATA[]]></system-err>
</testsuite>
